<?xml version="1.0" encoding="UTF-8"?>
<!-- Generated by org.testng.reporters.JUnitXMLReporter -->
<testsuite hostname="Arsh-Guptas-Mac.local" ignored="0" name="Create Customer API Test" tests="3" failures="0" timestamp="22 Apr 2023 06:43:13 GMT" time="1.7" errors="0">
  <testcase name="validateCreateCustomerAPIWithValidSecretKey" time="1.668" classname="com.w2a.APITestingFramework.testcases.CreateCustomerTest"/>
  <testcase name="validateCreateCustomerAPIWithValidSecretKey" time="1.668" classname="com.w2a.APITestingFramework.testcases.CreateCustomerTest"/>
  <testcase name="validateCreateCustomerAPIWithValidSecretKey" time="1.668" classname="com.w2a.APITestingFramework.testcases.CreateCustomerTest"/>
</testsuite> <!-- Create Customer API Test -->
