<?xml version="1.0" encoding="UTF-8"?>
<!-- Generated by org.testng.reporters.JUnitXMLReporter -->
<testsuite hostname="Arsh-Guptas-Mac.local" ignored="0" name="Create Customer API Test" tests="3" failures="0" timestamp="22 Apr 2023 18:08:10 GMT" time="3.662" errors="0">
  <testcase name="validateCreateCustomerAPIWithValidSecretKey" time="1.922" classname="com.w2a.APITestingFramework.testcases.CreateCustomerTest"/>
  <testcase name="validateCreateCustomerAPIWithValidSecretKey" time="0.869" classname="com.w2a.APITestingFramework.testcases.CreateCustomerTest"/>
  <testcase name="validateCreateCustomerAPIWithValidSecretKey" time="0.844" classname="com.w2a.APITestingFramework.testcases.CreateCustomerTest"/>
</testsuite> <!-- Create Customer API Test -->
