<?xml version="1.0" encoding="UTF-8"?>
<!-- Generated by org.testng.reporters.JUnitXMLReporter -->
<testsuite hostname="Arsh-Guptas-Mac.local" ignored="0" name="Delete Customer API Test" tests="2" failures="2" timestamp="22 Apr 2023 18:08:12 GMT" time="1.473" errors="0">
  <testcase name="deleteCustomer" time="0.713" classname="com.w2a.APITestingFramework.testcases.DeleteCustomerTest">
    <failure type="java.lang.AssertionError" message="ID Key is not present expected [true] but found [false]">
      <![CDATA[java.lang.AssertionError: ID Key is not present expected [true] but found [false]
at com.w2a.APITestingFramework.testcases.DeleteCustomerTest.deleteCustomer(DeleteCustomerTest.java:49)
... Removed 32 stack frames]]>
    </failure>
  </testcase> <!-- deleteCustomer -->
  <testcase name="deleteCustomer" time="0.747" classname="com.w2a.APITestingFramework.testcases.DeleteCustomerTest">
    <failure type="java.lang.AssertionError" message="ID Key is not present expected [true] but found [false]">
      <![CDATA[java.lang.AssertionError: ID Key is not present expected [true] but found [false]
at com.w2a.APITestingFramework.testcases.DeleteCustomerTest.deleteCustomer(DeleteCustomerTest.java:49)
... Removed 32 stack frames]]>
    </failure>
  </testcase> <!-- deleteCustomer -->
</testsuite> <!-- Delete Customer API Test -->
