<?xml version="1.0" encoding="UTF-8"?>
<testsuite xmlns:xsi="http://www.w3.org/2001/XMLSchema-instance" xsi:noNamespaceSchemaLocation="https://maven.apache.org/surefire/maven-surefire-plugin/xsd/surefire-test-report.xsd" name="TestSuite" time="6.947" tests="5" errors="0" skipped="0" failures="2">
  <properties>
[...]
</properties>
  <testcase name="validateCreateCustomerAPIWithValidSecretKey" classname="com.w2a.APITestingFramework.testcases.CreateCustomerTest" time="1.922"/>
  <testcase name="validateCreateCustomerAPIWithValidSecretKey" classname="com.w2a.APITestingFramework.testcases.CreateCustomerTest" time="0.868"/>
  <testcase name="validateCreateCustomerAPIWithValidSecretKey" classname="com.w2a.APITestingFramework.testcases.CreateCustomerTest" time="0.843"/>
  <testcase name="deleteCustomer" classname="com.w2a.APITestingFramework.testcases.DeleteCustomerTest" time="0.719">
    <failure message="ID Key is not present expected [true] but found [false]" type="java.lang.AssertionError">java.lang.AssertionError: ID Key is not present expected [true] but found [false]
	at com.w2a.APITestingFramework.testcases.DeleteCustomerTest.deleteCustomer(DeleteCustomerTest.java:49)
</failure>
    <system-out><![CDATA[Total rows are : 14
Test name is : deleteCustomer
Test case starts from row num: 11
Total rows of data are : 2
Total cols are : 1
{
    "error": {
        "code": "resource_missing",
        "doc_url": "https://stripe.com/docs/error-codes/resource-missing",
        "message": "No such customer: 'cus_NisbjfAwiTA6Lb'",
        "param": "id",
        "request_log_url": "https://dashboard.stripe.com/test/logs/req_kf62ZIEtoe9Dct?t=1682186891",
        "type": "invalid_request_error"
    }
}
Presence check for Object Key : false
Presence check for Deleted Key : false
]]></system-out>
  </testcase>
  <testcase name="deleteCustomer" classname="com.w2a.APITestingFramework.testcases.DeleteCustomerTest" time="0.744">
    <failure message="ID Key is not present expected [true] but found [false]" type="java.lang.AssertionError">java.lang.AssertionError: ID Key is not present expected [true] but found [false]
	at com.w2a.APITestingFramework.testcases.DeleteCustomerTest.deleteCustomer(DeleteCustomerTest.java:49)
</failure>
    <system-out><![CDATA[{
    "error": {
        "code": "resource_missing",
        "doc_url": "https://stripe.com/docs/error-codes/resource-missing",
        "message": "No such customer: 'cus_NisUn0o1lHrK6A'",
        "param": "id",
        "request_log_url": "https://dashboard.stripe.com/test/logs/req_5v1NFu7fRdSiOz?t=1682186892",
        "type": "invalid_request_error"
    }
}
Presence check for Object Key : false
Presence check for Deleted Key : false
]]></system-out>
  </testcase>
</testsuite>